[INFO  - 2016-01-04T18:26:42.703Z] GhostDriver - Main - running on port 31659
[INFO  - 2016-01-04T18:26:43.206Z] Session [b464c620-b310-11e5-af55-0739f061debe] - page.settings - {"XSSAuditingEnabled":false,"javascriptCanCloseWindows":true,"javascriptCanOpenWindows":true,"javascriptEnabled":true,"loadImages":true,"localToRemoteUrlAccessEnabled":false,"userAgent":"Mozilla/5.0 (Windows NT 6.1; WOW64) AppleWebKit/538.1 (KHTML, like Gecko) PhantomJS/2.0.0 Safari/538.1","webSecurityEnabled":true}
[INFO  - 2016-01-04T18:26:43.206Z] Session [b464c620-b310-11e5-af55-0739f061debe] - page.customHeaders:  - {}
[INFO  - 2016-01-04T18:26:43.206Z] Session [b464c620-b310-11e5-af55-0739f061debe] - Session.negotiatedCapabilities - {"browserName":"phantomjs","version":"2.0.0","driverName":"ghostdriver","driverVersion":"1.2.0","platform":"windows-7-32bit","javascriptEnabled":true,"takesScreenshot":true,"handlesAlerts":false,"databaseEnabled":false,"locationContextEnabled":false,"applicationCacheEnabled":false,"browserConnectionEnabled":false,"cssSelectorsEnabled":true,"webStorageEnabled":false,"rotatable":false,"acceptSslCerts":false,"nativeEvents":true,"proxy":{"proxyType":"direct"}}
[INFO  - 2016-01-04T18:26:43.206Z] SessionManagerReqHand - _postNewSessionCommand - New Session Created: b464c620-b310-11e5-af55-0739f061debe
[INFO  - 2016-01-04T18:31:42.997Z] SessionManagerReqHand - _cleanupWindowlessSessions - Asynchronous Sessions clean-up phase starting NOW
[INFO  - 2016-01-04T18:31:42.998Z] SessionManagerReqHand - _cleanupWindowlessSessions - Deleted Session 'b464c620-b310-11e5-af55-0739f061debe', because windowless
Images":true,"localToRemoteUrlAccessEnabled":false,"userAgent":"Mozilla/5.0 (Windows NT 6.1; WOW64) AppleWebKit/538.1 (KHTML, like Gecko) PhantomJS/2.0.0 Safari/538.1","webSecurityEnabled":true}
[INFO  - 2016-01-04T18:28:39.301Z] Session [f9977710-b310-11e5-a990-03616dfd8759] - page.customHeaders:  - {}
[INFO  - 2016-01-04T18:28:39.301Z] Session [f9977710-b310-11e5-a990-03616dfd8759] - Session.negotiatedCapabilities - {"browserName":"phantomjs","version":"2.0.0","driverName":"ghostdriver","driverVersion":"1.2.0","platform":"windows-7-32bit","javascriptEnabled":true,"takesScreenshot":true,"handlesAlerts":false,"databaseEnabled":false,"locationContextEnabled":false,"applicationCacheEnabled":false,"browserConnectionEnabled":false,"cssSelectorsEnabled":true,"webStorageEnabled":false,"rotatable":false,"acceptSslCerts":false,"nativeEvents":true,"proxy":{"proxyType":"direct"}}
[INFO  - 2016-01-04T18:28:39.301Z] SessionManagerReqHand - _postNewSessionCommand - New Session Created: f9977710-b310-11e5-a990-03616dfd8759
[ERROR - 2016-01-04T18:29:18.327Z] WebElementLocator - _handleLocateCommand - Element(s) NOT Found: GAVE UP. Search Stop Time: 1451932158285
[INFO  - 2016-01-04T18:33:38.843Z] SessionManagerReqHand - _cleanupWindowlessSessions - Asynchronous Sessions clean-up phase starting NOW
[INFO  - 2016-01-04T18:33:38.843Z] SessionManagerReqHand - _cleanupWindowlessSessions - Deleted Session 'f9977710-b310-11e5-a990-03616dfd8759', because windowless
Images":true,"localToRemoteUrlAccessEnabled":false,"userAgent":"Mozilla/5.0 (Windows NT 6.1; WOW64) AppleWebKit/538.1 (KHTML, like Gecko) PhantomJS/2.0.0 Safari/538.1","webSecurityEnabled":true}
[INFO  - 2016-01-04T18:30:52.101Z] Session [48bf2310-b311-11e5-b5f8-09f866cebe9d] - page.customHeaders:  - {}
[INFO  - 2016-01-04T18:30:52.101Z] Session [48bf2310-b311-11e5-b5f8-09f866cebe9d] - Session.negotiatedCapabilities - {"browserName":"phantomjs","version":"2.0.0","driverName":"ghostdriver","driverVersion":"1.2.0","platform":"windows-7-32bit","javascriptEnabled":true,"takesScreenshot":true,"handlesAlerts":false,"databaseEnabled":false,"locationContextEnabled":false,"applicationCacheEnabled":false,"browserConnectionEnabled":false,"cssSelectorsEnabled":true,"webStorageEnabled":false,"rotatable":false,"acceptSslCerts":false,"nativeEvents":true,"proxy":{"proxyType":"direct"}}
[INFO  - 2016-01-04T18:30:52.101Z] SessionManagerReqHand - _postNewSessionCommand - New Session Created: 48bf2310-b311-11e5-b5f8-09f866cebe9d
[INFO  - 2016-01-04T18:35:51.149Z] SessionManagerReqHand - _cleanupWindowlessSessions - Asynchronous Sessions clean-up phase starting NOW
[INFO  - 2016-01-04T18:35:51.149Z] SessionManagerReqHand - _cleanupWindowlessSessions - Deleted Session '48bf2310-b311-11e5-b5f8-09f866cebe9d', because windowless
Images":true,"localToRemoteUrlAccessEnabled":false,"userAgent":"Mozilla/5.0 (Windows NT 6.1; WOW64) AppleWebKit/538.1 (KHTML, like Gecko) PhantomJS/2.0.0 Safari/538.1","webSecurityEnabled":true}
[INFO  - 2016-01-04T18:31:59.038Z] Session [70a4c290-b311-11e5-beee-e194c498f83a] - page.customHeaders:  - {}
[INFO  - 2016-01-04T18:31:59.038Z] Session [70a4c290-b311-11e5-beee-e194c498f83a] - Session.negotiatedCapabilities - {"browserName":"phantomjs","version":"2.0.0","driverName":"ghostdriver","driverVersion":"1.2.0","platform":"windows-7-32bit","javascriptEnabled":true,"takesScreenshot":true,"handlesAlerts":false,"databaseEnabled":false,"locationContextEnabled":false,"applicationCacheEnabled":false,"browserConnectionEnabled":false,"cssSelectorsEnabled":true,"webStorageEnabled":false,"rotatable":false,"acceptSslCerts":false,"nativeEvents":true,"proxy":{"proxyType":"direct"}}
[INFO  - 2016-01-04T18:31:59.038Z] SessionManagerReqHand - _postNewSessionCommand - New Session Created: 70a4c290-b311-11e5-beee-e194c498f83a
[ERROR - 2016-01-04T18:32:36.291Z] WebElementLocator - _handleLocateCommand - Element(s) NOT Found: GAVE UP. Search Stop Time: 1451932356254
[INFO  - 2016-01-04T18:36:57.917Z] SessionManagerReqHand - _cleanupWindowlessSessions - Asynchronous Sessions clean-up phase starting NOW
[INFO  - 2016-01-04T18:36:57.917Z] SessionManagerReqHand - _cleanupWindowlessSessions - Deleted Session '70a4c290-b311-11e5-beee-e194c498f83a', because windowless
Images":true,"localToRemoteUrlAccessEnabled":false,"userAgent":"Mozilla/5.0 (Windows NT 6.1; WOW64) AppleWebKit/538.1 (KHTML, like Gecko) PhantomJS/2.0.0 Safari/538.1","webSecurityEnabled":true}
[INFO  - 2016-01-04T18:35:18.913Z] Session [e7c76ad0-b311-11e5-81ca-bd5e0971e433] - page.customHeaders:  - {}
[INFO  - 2016-01-04T18:35:18.914Z] Session [e7c76ad0-b311-11e5-81ca-bd5e0971e433] - Session.negotiatedCapabilities - {"browserName":"phantomjs","version":"2.0.0","driverName":"ghostdriver","driverVersion":"1.2.0","platform":"windows-7-32bit","javascriptEnabled":true,"takesScreenshot":true,"handlesAlerts":false,"databaseEnabled":false,"locationContextEnabled":false,"applicationCacheEnabled":false,"browserConnectionEnabled":false,"cssSelectorsEnabled":true,"webStorageEnabled":false,"rotatable":false,"acceptSslCerts":false,"nativeEvents":true,"proxy":{"proxyType":"direct"}}
[INFO  - 2016-01-04T18:35:18.914Z] SessionManagerReqHand - _postNewSessionCommand - New Session Created: e7c76ad0-b311-11e5-81ca-bd5e0971e433
[ERROR - 2016-01-04T18:35:54.287Z] WebElementLocator - _handleLocateCommand - Element(s) NOT Found: GAVE UP. Search Stop Time: 1451932554265
[INFO  - 2016-01-04T18:40:18.654Z] SessionManagerReqHand - _cleanupWindowlessSessions - Asynchronous Sessions clean-up phase starting NOW
[INFO  - 2016-01-04T18:40:18.654Z] SessionManagerReqHand - _cleanupWindowlessSessions - Deleted Session 'e7c76ad0-b311-11e5-81ca-bd5e0971e433', because windowless
[INFO  - 2016-01-04T19:36:59.194Z] GhostDriver - Main - running on port 20639
[INFO  - 2016-01-04T19:37:00.089Z] Session [85da3560-b31a-11e5-afd4-81b45dfc1507] - page.settings - {"XSSAuditingEnabled":false,"javascriptCanCloseWindows":true,"javascriptCanOpenWindows":true,"javascriptEnabled":true,"loadImages":true,"localToRemoteUrlAccessEnabled":false,"userAgent":"Mozilla/5.0 (Windows NT 6.1; WOW64) AppleWebKit/538.1 (KHTML, like Gecko) PhantomJS/2.0.0 Safari/538.1","webSecurityEnabled":true}
[INFO  - 2016-01-04T19:37:00.090Z] Session [85da3560-b31a-11e5-afd4-81b45dfc1507] - page.customHeaders:  - {}
[INFO  - 2016-01-04T19:37:00.090Z] Session [85da3560-b31a-11e5-afd4-81b45dfc1507] - Session.negotiatedCapabilities - {"browserName":"phantomjs","version":"2.0.0","driverName":"ghostdriver","driverVersion":"1.2.0","platform":"windows-7-32bit","javascriptEnabled":true,"takesScreenshot":true,"handlesAlerts":false,"databaseEnabled":false,"locationContextEnabled":false,"applicationCacheEnabled":false,"browserConnectionEnabled":false,"cssSelectorsEnabled":true,"webStorageEnabled":false,"rotatable":false,"acceptSslCerts":false,"nativeEvents":true,"proxy":{"proxyType":"direct"}}
[INFO  - 2016-01-04T19:37:00.090Z] SessionManagerReqHand - _postNewSessionCommand - New Session Created: 85da3560-b31a-11e5-afd4-81b45dfc1507
[INFO  - 2016-01-04T19:41:59.192Z] SessionManagerReqHand - _cleanupWindowlessSessions - Asynchronous Sessions clean-up phase starting NOW
[INFO  - 2016-01-04T19:41:59.192Z] SessionManagerReqHand - _cleanupWindowlessSessions - Deleted Session '85da3560-b31a-11e5-afd4-81b45dfc1507', because windowless
Images":true,"localToRemoteUrlAccessEnabled":false,"userAgent":"Mozilla/5.0 (Windows NT 6.1; WOW64) AppleWebKit/538.1 (KHTML, like Gecko) PhantomJS/2.0.0 Safari/538.1","webSecurityEnabled":true}
[INFO  - 2016-01-04T19:37:40.493Z] Session [9def3790-b31a-11e5-81ad-7de3d0a04d29] - page.customHeaders:  - {}
[INFO  - 2016-01-04T19:37:40.493Z] Session [9def3790-b31a-11e5-81ad-7de3d0a04d29] - Session.negotiatedCapabilities - {"browserName":"phantomjs","version":"2.0.0","driverName":"ghostdriver","driverVersion":"1.2.0","platform":"windows-7-32bit","javascriptEnabled":true,"takesScreenshot":true,"handlesAlerts":false,"databaseEnabled":false,"locationContextEnabled":false,"applicationCacheEnabled":false,"browserConnectionEnabled":false,"cssSelectorsEnabled":true,"webStorageEnabled":false,"rotatable":false,"acceptSslCerts":false,"nativeEvents":true,"proxy":{"proxyType":"direct"}}
[INFO  - 2016-01-04T19:37:40.493Z] SessionManagerReqHand - _postNewSessionCommand - New Session Created: 9def3790-b31a-11e5-81ad-7de3d0a04d29
[INFO  - 2016-01-04T19:42:39.601Z] SessionManagerReqHand - _cleanupWindowlessSessions - Asynchronous Sessions clean-up phase starting NOW
[INFO  - 2016-01-04T19:42:39.601Z] SessionManagerReqHand - _cleanupWindowlessSessions - Deleted Session '9def3790-b31a-11e5-81ad-7de3d0a04d29', because windowless
[INFO  - 2016-01-04T19:46:28.705Z] GhostDriver - Main - running on port 48739
[INFO  - 2016-01-04T19:46:29.617Z] Session [d950fac0-b31b-11e5-a71e-592abfa7fcc9] - page.settings - {"XSSAuditingEnabled":false,"javascriptCanCloseWindows":true,"javascriptCanOpenWindows":true,"javascriptEnabled":true,"loadImages":true,"localToRemoteUrlAccessEnabled":false,"userAgent":"Mozilla/5.0 (Windows NT 6.1; WOW64) AppleWebKit/538.1 (KHTML, like Gecko) PhantomJS/2.0.0 Safari/538.1","webSecurityEnabled":true}
[INFO  - 2016-01-04T19:46:29.617Z] Session [d950fac0-b31b-11e5-a71e-592abfa7fcc9] - page.customHeaders:  - {}
[INFO  - 2016-01-04T19:46:29.617Z] Session [d950fac0-b31b-11e5-a71e-592abfa7fcc9] - Session.negotiatedCapabilities - {"browserName":"phantomjs","version":"2.0.0","driverName":"ghostdriver","driverVersion":"1.2.0","platform":"windows-7-32bit","javascriptEnabled":true,"takesScreenshot":true,"handlesAlerts":false,"databaseEnabled":false,"locationContextEnabled":false,"applicationCacheEnabled":false,"browserConnectionEnabled":false,"cssSelectorsEnabled":true,"webStorageEnabled":false,"rotatable":false,"acceptSslCerts":false,"nativeEvents":true,"proxy":{"proxyType":"direct"}}
[INFO  - 2016-01-04T19:46:29.617Z] SessionManagerReqHand - _postNewSessionCommand - New Session Created: d950fac0-b31b-11e5-a71e-592abfa7fcc9
[INFO  - 2016-01-04T19:51:28.717Z] SessionManagerReqHand - _cleanupWindowlessSessions - Asynchronous Sessions clean-up phase starting NOW
[INFO  - 2016-01-04T19:51:28.718Z] SessionManagerReqHand - _cleanupWindowlessSessions - Deleted Session 'd950fac0-b31b-11e5-a71e-592abfa7fcc9', because windowless
Images":true,"localToRemoteUrlAccessEnabled":false,"userAgent":"Mozilla/5.0 (Windows NT 6.1; WOW64) AppleWebKit/538.1 (KHTML, like Gecko) PhantomJS/2.0.0 Safari/538.1","webSecurityEnabled":true}
[INFO  - 2016-01-04T19:48:58.352Z] Session [31f84ac0-b31c-11e5-a00e-0d35fd349bb5] - page.customHeaders:  - {}
[INFO  - 2016-01-04T19:48:58.352Z] Session [31f84ac0-b31c-11e5-a00e-0d35fd349bb5] - Session.negotiatedCapabilities - {"browserName":"phantomjs","version":"2.0.0","driverName":"ghostdriver","driverVersion":"1.2.0","platform":"windows-7-32bit","javascriptEnabled":true,"takesScreenshot":true,"handlesAlerts":false,"databaseEnabled":false,"locationContextEnabled":false,"applicationCacheEnabled":false,"browserConnectionEnabled":false,"cssSelectorsEnabled":true,"webStorageEnabled":false,"rotatable":false,"acceptSslCerts":false,"nativeEvents":true,"proxy":{"proxyType":"direct"}}
[INFO  - 2016-01-04T19:48:58.352Z] SessionManagerReqHand - _postNewSessionCommand - New Session Created: 31f84ac0-b31c-11e5-a00e-0d35fd349bb5
[INFO  - 2016-01-04T19:53:57.986Z] SessionManagerReqHand - _cleanupWindowlessSessions - Asynchronous Sessions clean-up phase starting NOW
[INFO  - 2016-01-04T19:53:57.987Z] SessionManagerReqHand - _cleanupWindowlessSessions - Deleted Session '31f84ac0-b31c-11e5-a00e-0d35fd349bb5', because windowless
Images":true,"localToRemoteUrlAccessEnabled":false,"userAgent":"Mozilla/5.0 (Windows NT 6.1; WOW64) AppleWebKit/538.1 (KHTML, like Gecko) PhantomJS/2.0.0 Safari/538.1","webSecurityEnabled":true}
[INFO  - 2016-01-04T19:50:02.227Z] Session [580ad7f0-b31c-11e5-a4da-6bb7df91cd93] - page.customHeaders:  - {}
[INFO  - 2016-01-04T19:50:02.227Z] Session [580ad7f0-b31c-11e5-a4da-6bb7df91cd93] - Session.negotiatedCapabilities - {"browserName":"phantomjs","version":"2.0.0","driverName":"ghostdriver","driverVersion":"1.2.0","platform":"windows-7-32bit","javascriptEnabled":true,"takesScreenshot":true,"handlesAlerts":false,"databaseEnabled":false,"locationContextEnabled":false,"applicationCacheEnabled":false,"browserConnectionEnabled":false,"cssSelectorsEnabled":true,"webStorageEnabled":false,"rotatable":false,"acceptSslCerts":false,"nativeEvents":true,"proxy":{"proxyType":"direct"}}
[INFO  - 2016-01-04T19:50:02.227Z] SessionManagerReqHand - _postNewSessionCommand - New Session Created: 580ad7f0-b31c-11e5-a4da-6bb7df91cd93
[INFO  - 2016-01-04T19:55:01.652Z] SessionManagerReqHand - _cleanupWindowlessSessions - Asynchronous Sessions clean-up phase starting NOW
[INFO  - 2016-01-04T19:55:01.653Z] SessionManagerReqHand - _cleanupWindowlessSessions - Deleted Session '580ad7f0-b31c-11e5-a4da-6bb7df91cd93', because windowless
Images":true,"localToRemoteUrlAccessEnabled":false,"userAgent":"Mozilla/5.0 (Windows NT 6.1; WOW64) AppleWebKit/538.1 (KHTML, like Gecko) PhantomJS/2.0.0 Safari/538.1","webSecurityEnabled":true}
[INFO  - 2016-01-04T19:50:47.674Z] Session [73218160-b31c-11e5-875c-1df1a1f6ce69] - page.customHeaders:  - {}
[INFO  - 2016-01-04T19:50:47.674Z] Session [73218160-b31c-11e5-875c-1df1a1f6ce69] - Session.negotiatedCapabilities - {"browserName":"phantomjs","version":"2.0.0","driverName":"ghostdriver","driverVersion":"1.2.0","platform":"windows-7-32bit","javascriptEnabled":true,"takesScreenshot":true,"handlesAlerts":false,"databaseEnabled":false,"locationContextEnabled":false,"applicationCacheEnabled":false,"browserConnectionEnabled":false,"cssSelectorsEnabled":true,"webStorageEnabled":false,"rotatable":false,"acceptSslCerts":false,"nativeEvents":true,"proxy":{"proxyType":"direct"}}
[INFO  - 2016-01-04T19:50:47.674Z] SessionManagerReqHand - _postNewSessionCommand - New Session Created: 73218160-b31c-11e5-875c-1df1a1f6ce69
[INFO  - 2016-01-04T19:55:47.352Z] SessionManagerReqHand - _cleanupWindowlessSessions - Asynchronous Sessions clean-up phase starting NOW
[INFO  - 2016-01-04T19:55:47.352Z] SessionManagerReqHand - _cleanupWindowlessSessions - Deleted Session '73218160-b31c-11e5-875c-1df1a1f6ce69', because windowless
Images":true,"localToRemoteUrlAccessEnabled":false,"userAgent":"Mozilla/5.0 (Windows NT 6.1; WOW64) AppleWebKit/538.1 (KHTML, like Gecko) PhantomJS/2.0.0 Safari/538.1","webSecurityEnabled":true}
[INFO  - 2016-01-04T19:51:49.217Z] Session [97d038d0-b31c-11e5-a9a7-77da8dfb6397] - page.customHeaders:  - {}
[INFO  - 2016-01-04T19:51:49.217Z] Session [97d038d0-b31c-11e5-a9a7-77da8dfb6397] - Session.negotiatedCapabilities - {"browserName":"phantomjs","version":"2.0.0","driverName":"ghostdriver","driverVersion":"1.2.0","platform":"windows-7-32bit","javascriptEnabled":true,"takesScreenshot":true,"handlesAlerts":false,"databaseEnabled":false,"locationContextEnabled":false,"applicationCacheEnabled":false,"browserConnectionEnabled":false,"cssSelectorsEnabled":true,"webStorageEnabled":false,"rotatable":false,"acceptSslCerts":false,"nativeEvents":true,"proxy":{"proxyType":"direct"}}
[INFO  - 2016-01-04T19:51:49.217Z] SessionManagerReqHand - _postNewSessionCommand - New Session Created: 97d038d0-b31c-11e5-a9a7-77da8dfb6397
[INFO  - 2016-01-04T19:56:48.550Z] SessionManagerReqHand - _cleanupWindowlessSessions - Asynchronous Sessions clean-up phase starting NOW
[INFO  - 2016-01-04T19:56:48.551Z] SessionManagerReqHand - _cleanupWindowlessSessions - Deleted Session '97d038d0-b31c-11e5-a9a7-77da8dfb6397', because windowless
mages":true,"localToRemoteUrlAccessEnabled":false,"userAgent":"Mozilla/5.0 (Windows NT 6.1; WOW64) AppleWebKit/538.1 (KHTML, like Gecko) PhantomJS/2.0.0 Safari/538.1","webSecurityEnabled":true}
[INFO  - 2016-01-04T19:56:01.678Z] Session [2e4ab6a0-b31d-11e5-9d3e-4d73edc57fbb] - page.customHeaders:  - {}
[INFO  - 2016-01-04T19:56:01.678Z] Session [2e4ab6a0-b31d-11e5-9d3e-4d73edc57fbb] - Session.negotiatedCapabilities - {"browserName":"phantomjs","version":"2.0.0","driverName":"ghostdriver","driverVersion":"1.2.0","platform":"windows-7-32bit","javascriptEnabled":true,"takesScreenshot":true,"handlesAlerts":false,"databaseEnabled":false,"locationContextEnabled":false,"applicationCacheEnabled":false,"browserConnectionEnabled":false,"cssSelectorsEnabled":true,"webStorageEnabled":false,"rotatable":false,"acceptSslCerts":false,"nativeEvents":true,"proxy":{"proxyType":"direct"}}
[INFO  - 2016-01-04T19:56:01.678Z] SessionManagerReqHand - _postNewSessionCommand - New Session Created: 2e4ab6a0-b31d-11e5-9d3e-4d73edc57fbb
[INFO  - 2016-01-04T20:01:01.088Z] SessionManagerReqHand - _cleanupWindowlessSessions - Asynchronous Sessions clean-up phase starting NOW
[INFO  - 2016-01-04T20:01:01.088Z] SessionManagerReqHand - _cleanupWindowlessSessions - Deleted Session '2e4ab6a0-b31d-11e5-9d3e-4d73edc57fbb', because windowless
Images":true,"localToRemoteUrlAccessEnabled":false,"userAgent":"Mozilla/5.0 (Windows NT 6.1; WOW64) AppleWebKit/538.1 (KHTML, like Gecko) PhantomJS/2.0.0 Safari/538.1","webSecurityEnabled":true}
[INFO  - 2016-01-04T19:58:22.247Z] Session [8213d730-b31d-11e5-823d-f5ce5762ea6a] - page.customHeaders:  - {}
[INFO  - 2016-01-04T19:58:22.247Z] Session [8213d730-b31d-11e5-823d-f5ce5762ea6a] - Session.negotiatedCapabilities - {"browserName":"phantomjs","version":"2.0.0","driverName":"ghostdriver","driverVersion":"1.2.0","platform":"windows-7-32bit","javascriptEnabled":true,"takesScreenshot":true,"handlesAlerts":false,"databaseEnabled":false,"locationContextEnabled":false,"applicationCacheEnabled":false,"browserConnectionEnabled":false,"cssSelectorsEnabled":true,"webStorageEnabled":false,"rotatable":false,"acceptSslCerts":false,"nativeEvents":true,"proxy":{"proxyType":"direct"}}
[INFO  - 2016-01-04T19:58:22.247Z] SessionManagerReqHand - _postNewSessionCommand - New Session Created: 8213d730-b31d-11e5-823d-f5ce5762ea6a
[INFO  - 2016-01-04T20:03:21.688Z] SessionManagerReqHand - _cleanupWindowlessSessions - Asynchronous Sessions clean-up phase starting NOW
[INFO  - 2016-01-04T20:03:21.688Z] SessionManagerReqHand - _cleanupWindowlessSessions - Deleted Session '8213d730-b31d-11e5-823d-f5ce5762ea6a', because windowless
Images":true,"localToRemoteUrlAccessEnabled":false,"userAgent":"Mozilla/5.0 (Windows NT 6.1; WOW64) AppleWebKit/538.1 (KHTML, like Gecko) PhantomJS/2.0.0 Safari/538.1","webSecurityEnabled":true}
[INFO  - 2016-01-04T19:59:25.608Z] Session [a7d7cf30-b31d-11e5-9eb5-d17bee28a9b0] - page.customHeaders:  - {}
[INFO  - 2016-01-04T19:59:25.608Z] Session [a7d7cf30-b31d-11e5-9eb5-d17bee28a9b0] - Session.negotiatedCapabilities - {"browserName":"phantomjs","version":"2.0.0","driverName":"ghostdriver","driverVersion":"1.2.0","platform":"windows-7-32bit","javascriptEnabled":true,"takesScreenshot":true,"handlesAlerts":false,"databaseEnabled":false,"locationContextEnabled":false,"applicationCacheEnabled":false,"browserConnectionEnabled":false,"cssSelectorsEnabled":true,"webStorageEnabled":false,"rotatable":false,"acceptSslCerts":false,"nativeEvents":true,"proxy":{"proxyType":"direct"}}
[INFO  - 2016-01-04T19:59:25.608Z] SessionManagerReqHand - _postNewSessionCommand - New Session Created: a7d7cf30-b31d-11e5-9eb5-d17bee28a9b0
[INFO  - 2016-01-04T20:04:25.168Z] SessionManagerReqHand - _cleanupWindowlessSessions - Asynchronous Sessions clean-up phase starting NOW
[INFO  - 2016-01-04T20:04:25.168Z] SessionManagerReqHand - _cleanupWindowlessSessions - Deleted Session 'a7d7cf30-b31d-11e5-9eb5-d17bee28a9b0', because windowless
Images":true,"localToRemoteUrlAccessEnabled":false,"userAgent":"Mozilla/5.0 (Windows NT 6.1; WOW64) AppleWebKit/538.1 (KHTML, like Gecko) PhantomJS/2.0.0 Safari/538.1","webSecurityEnabled":true}
[INFO  - 2016-01-04T20:00:53.286Z] Session [dc1a9020-b31d-11e5-80a1-611f414f27f3] - page.customHeaders:  - {}
[INFO  - 2016-01-04T20:00:53.286Z] Session [dc1a9020-b31d-11e5-80a1-611f414f27f3] - Session.negotiatedCapabilities - {"browserName":"phantomjs","version":"2.0.0","driverName":"ghostdriver","driverVersion":"1.2.0","platform":"windows-7-32bit","javascriptEnabled":true,"takesScreenshot":true,"handlesAlerts":false,"databaseEnabled":false,"locationContextEnabled":false,"applicationCacheEnabled":false,"browserConnectionEnabled":false,"cssSelectorsEnabled":true,"webStorageEnabled":false,"rotatable":false,"acceptSslCerts":false,"nativeEvents":true,"proxy":{"proxyType":"direct"}}
[INFO  - 2016-01-04T20:00:53.286Z] SessionManagerReqHand - _postNewSessionCommand - New Session Created: dc1a9020-b31d-11e5-80a1-611f414f27f3
[ERROR - 2016-01-04T20:01:37.407Z] WebElementLocator - _handleLocateCommand - Element(s) NOT Found: GAVE UP. Search Stop Time: 1451937697371
[INFO  - 2016-01-04T20:05:52.948Z] SessionManagerReqHand - _cleanupWindowlessSessions - Asynchronous Sessions clean-up phase starting NOW
[INFO  - 2016-01-04T20:05:52.949Z] SessionManagerReqHand - _cleanupWindowlessSessions - Deleted Session 'dc1a9020-b31d-11e5-80a1-611f414f27f3', because windowless
Images":true,"localToRemoteUrlAccessEnabled":false,"userAgent":"Mozilla/5.0 (Windows NT 6.1; WOW64) AppleWebKit/538.1 (KHTML, like Gecko) PhantomJS/2.0.0 Safari/538.1","webSecurityEnabled":true}
[INFO  - 2016-01-04T20:04:37.037Z] Session [61784190-b31e-11e5-975a-4597b045458c] - page.customHeaders:  - {}
[INFO  - 2016-01-04T20:04:37.037Z] Session [61784190-b31e-11e5-975a-4597b045458c] - Session.negotiatedCapabilities - {"browserName":"phantomjs","version":"2.0.0","driverName":"ghostdriver","driverVersion":"1.2.0","platform":"windows-7-32bit","javascriptEnabled":true,"takesScreenshot":true,"handlesAlerts":false,"databaseEnabled":false,"locationContextEnabled":false,"applicationCacheEnabled":false,"browserConnectionEnabled":false,"cssSelectorsEnabled":true,"webStorageEnabled":false,"rotatable":false,"acceptSslCerts":false,"nativeEvents":true,"proxy":{"proxyType":"direct"}}
[INFO  - 2016-01-04T20:04:37.038Z] SessionManagerReqHand - _postNewSessionCommand - New Session Created: 61784190-b31e-11e5-975a-4597b045458c
[INFO  - 2016-01-04T20:09:36.529Z] SessionManagerReqHand - _cleanupWindowlessSessions - Asynchronous Sessions clean-up phase starting NOW
[INFO  - 2016-01-04T20:09:36.529Z] SessionManagerReqHand - _cleanupWindowlessSessions - Deleted Session '61784190-b31e-11e5-975a-4597b045458c', because windowless
Images":true,"localToRemoteUrlAccessEnabled":false,"userAgent":"Mozilla/5.0 (Windows NT 6.1; WOW64) AppleWebKit/538.1 (KHTML, like Gecko) PhantomJS/2.0.0 Safari/538.1","webSecurityEnabled":true}
[INFO  - 2016-01-04T20:08:39.140Z] Session [f1c616f0-b31e-11e5-ac83-910cc2aa32c7] - page.customHeaders:  - {}
[INFO  - 2016-01-04T20:08:39.140Z] Session [f1c616f0-b31e-11e5-ac83-910cc2aa32c7] - Session.negotiatedCapabilities - {"browserName":"phantomjs","version":"2.0.0","driverName":"ghostdriver","driverVersion":"1.2.0","platform":"windows-7-32bit","javascriptEnabled":true,"takesScreenshot":true,"handlesAlerts":false,"databaseEnabled":false,"locationContextEnabled":false,"applicationCacheEnabled":false,"browserConnectionEnabled":false,"cssSelectorsEnabled":true,"webStorageEnabled":false,"rotatable":false,"acceptSslCerts":false,"nativeEvents":true,"proxy":{"proxyType":"direct"}}
[INFO  - 2016-01-04T20:08:39.140Z] SessionManagerReqHand - _postNewSessionCommand - New Session Created: f1c616f0-b31e-11e5-ac83-910cc2aa32c7
[INFO  - 2016-01-04T20:13:39.199Z] SessionManagerReqHand - _cleanupWindowlessSessions - Asynchronous Sessions clean-up phase starting NOW
[INFO  - 2016-01-04T20:13:39.199Z] SessionManagerReqHand - _cleanupWindowlessSessions - Deleted Session 'f1c616f0-b31e-11e5-ac83-910cc2aa32c7', because windowless
Images":true,"localToRemoteUrlAccessEnabled":false,"userAgent":"Mozilla/5.0 (Windows NT 6.1; WOW64) AppleWebKit/538.1 (KHTML, like Gecko) PhantomJS/2.0.0 Safari/538.1","webSecurityEnabled":true}
[INFO  - 2016-01-04T20:09:36.621Z] Session [14092590-b31f-11e5-9384-1f34af42ac91] - page.customHeaders:  - {}
[INFO  - 2016-01-04T20:09:36.621Z] Session [14092590-b31f-11e5-9384-1f34af42ac91] - Session.negotiatedCapabilities - {"browserName":"phantomjs","version":"2.0.0","driverName":"ghostdriver","driverVersion":"1.2.0","platform":"windows-7-32bit","javascriptEnabled":true,"takesScreenshot":true,"handlesAlerts":false,"databaseEnabled":false,"locationContextEnabled":false,"applicationCacheEnabled":false,"browserConnectionEnabled":false,"cssSelectorsEnabled":true,"webStorageEnabled":false,"rotatable":false,"acceptSslCerts":false,"nativeEvents":true,"proxy":{"proxyType":"direct"}}
[INFO  - 2016-01-04T20:09:36.622Z] SessionManagerReqHand - _postNewSessionCommand - New Session Created: 14092590-b31f-11e5-9384-1f34af42ac91
[INFO  - 2016-01-04T20:14:35.831Z] SessionManagerReqHand - _cleanupWindowlessSessions - Asynchronous Sessions clean-up phase starting NOW
[INFO  - 2016-01-04T20:14:35.831Z] SessionManagerReqHand - _cleanupWindowlessSessions - Deleted Session '14092590-b31f-11e5-9384-1f34af42ac91', because windowless
mages":true,"localToRemoteUrlAccessEnabled":false,"userAgent":"Mozilla/5.0 (Windows NT 6.1; WOW64) AppleWebKit/538.1 (KHTML, like Gecko) PhantomJS/2.0.0 Safari/538.1","webSecurityEnabled":true}
[INFO  - 2016-01-04T20:10:46.417Z] Session [3da32bd0-b31f-11e5-952d-a9db2f572986] - page.customHeaders:  - {}
[INFO  - 2016-01-04T20:10:46.417Z] Session [3da32bd0-b31f-11e5-952d-a9db2f572986] - Session.negotiatedCapabilities - {"browserName":"phantomjs","version":"2.0.0","driverName":"ghostdriver","driverVersion":"1.2.0","platform":"windows-7-32bit","javascriptEnabled":true,"takesScreenshot":true,"handlesAlerts":false,"databaseEnabled":false,"locationContextEnabled":false,"applicationCacheEnabled":false,"browserConnectionEnabled":false,"cssSelectorsEnabled":true,"webStorageEnabled":false,"rotatable":false,"acceptSslCerts":false,"nativeEvents":true,"proxy":{"proxyType":"direct"}}
[INFO  - 2016-01-04T20:10:46.417Z] SessionManagerReqHand - _postNewSessionCommand - New Session Created: 3da32bd0-b31f-11e5-952d-a9db2f572986
[INFO  - 2016-01-04T20:15:45.506Z] SessionManagerReqHand - _cleanupWindowlessSessions - Asynchronous Sessions clean-up phase starting NOW
[INFO  - 2016-01-04T20:15:45.506Z] SessionManagerReqHand - _cleanupWindowlessSessions - Deleted Session '3da32bd0-b31f-11e5-952d-a9db2f572986', because windowless
[INFO  - 2016-01-04T20:18:00.422Z] GhostDriver - Main - running on port 45042
[INFO  - 2016-01-04T20:18:01.176Z] Session [40c62140-b320-11e5-8cac-b933a5cf2fab] - page.settings - {"XSSAuditingEnabled":false,"javascriptCanCloseWindows":true,"javascriptCanOpenWindows":true,"javascriptEnabled":true,"loadImages":true,"localToRemoteUrlAccessEnabled":false,"userAgent":"Mozilla/5.0 (Windows NT 6.1; WOW64) AppleWebKit/538.1 (KHTML, like Gecko) PhantomJS/2.0.0 Safari/538.1","webSecurityEnabled":true}
[INFO  - 2016-01-04T20:18:01.176Z] Session [40c62140-b320-11e5-8cac-b933a5cf2fab] - page.customHeaders:  - {}
[INFO  - 2016-01-04T20:18:01.176Z] Session [40c62140-b320-11e5-8cac-b933a5cf2fab] - Session.negotiatedCapabilities - {"browserName":"phantomjs","version":"2.0.0","driverName":"ghostdriver","driverVersion":"1.2.0","platform":"windows-7-32bit","javascriptEnabled":true,"takesScreenshot":true,"handlesAlerts":false,"databaseEnabled":false,"locationContextEnabled":false,"applicationCacheEnabled":false,"browserConnectionEnabled":false,"cssSelectorsEnabled":true,"webStorageEnabled":false,"rotatable":false,"acceptSslCerts":false,"nativeEvents":true,"proxy":{"proxyType":"direct"}}
[INFO  - 2016-01-04T20:18:01.176Z] SessionManagerReqHand - _postNewSessionCommand - New Session Created: 40c62140-b320-11e5-8cac-b933a5cf2fab
[INFO  - 2016-01-04T20:23:00.420Z] SessionManagerReqHand - _cleanupWindowlessSessions - Asynchronous Sessions clean-up phase starting NOW
[INFO  - 2016-01-04T20:23:00.421Z] SessionManagerReqHand - _cleanupWindowlessSessions - Deleted Session '40c62140-b320-11e5-8cac-b933a5cf2fab', because windowless
Images":true,"localToRemoteUrlAccessEnabled":false,"userAgent":"Mozilla/5.0 (Windows NT 6.1; WOW64) AppleWebKit/538.1 (KHTML, like Gecko) PhantomJS/2.0.0 Safari/538.1","webSecurityEnabled":true}
[INFO  - 2016-01-04T20:22:36.862Z] Session [e518a0b0-b320-11e5-b85e-6b88b8169585] - page.customHeaders:  - {}
[INFO  - 2016-01-04T20:22:36.863Z] Session [e518a0b0-b320-11e5-b85e-6b88b8169585] - Session.negotiatedCapabilities - {"browserName":"phantomjs","version":"2.0.0","driverName":"ghostdriver","driverVersion":"1.2.0","platform":"windows-7-32bit","javascriptEnabled":true,"takesScreenshot":true,"handlesAlerts":false,"databaseEnabled":false,"locationContextEnabled":false,"applicationCacheEnabled":false,"browserConnectionEnabled":false,"cssSelectorsEnabled":true,"webStorageEnabled":false,"rotatable":false,"acceptSslCerts":false,"nativeEvents":true,"proxy":{"proxyType":"direct"}}
[INFO  - 2016-01-04T20:22:36.863Z] SessionManagerReqHand - _postNewSessionCommand - New Session Created: e518a0b0-b320-11e5-b85e-6b88b8169585
